This file contains any messages produced by compilers while
running configure, to aid debugging if configure makes a mistake.

It was created by INF8601-LAB3 configure 2.1.2, which was
generated by GNU Autoconf 2.69.  Invocation command line was

  $ ./configure 

## --------- ##
## Platform. ##
## --------- ##

hostname = vincent-VirtualBox
uname -m = x86_64
uname -r = 4.10.0-28-generic
uname -s = Linux
uname -v = #32~16.04.2-Ubuntu SMP Thu Jul 20 10:19:48 UTC 2017

/usr/bin/uname -p = unknown
/bin/uname -X     = unknown

/bin/arch              = unknown
/usr/bin/arch -k       = unknown
/usr/convex/getsysinfo = unknown
/usr/bin/hostinfo      = unknown
/bin/machine           = unknown
/usr/bin/oslevel       = unknown
/bin/universe          = unknown

PATH: /usr/local/sbin
PATH: /usr/local/bin
PATH: /usr/sbin
PATH: /usr/bin
PATH: /sbin
PATH: /bin
PATH: /snap/bin


## ----------- ##
## Core tests. ##
## ----------- ##

configure:2284: checking for a BSD-compatible install
configure:2352: result: /usr/bin/install -c
configure:2363: checking whether build environment is sane
configure:2413: result: yes
configure:2554: checking for a thread-safe mkdir -p
configure:2593: result: /bin/mkdir -p
configure:2606: checking for gawk
configure:2636: result: no
configure:2606: checking for mawk
configure:2622: found /usr/bin/mawk
configure:2633: result: mawk
configure:2644: checking whether make sets $(MAKE)
configure:2666: result: yes
configure:2758: checking for style of include used by make
configure:2786: result: GNU
configure:2857: checking for gcc
configure:2884: result: mpicc
configure:3113: checking for C compiler version
configure:3122: mpicc --version >&5
gcc (Ubuntu 5.4.0-6ubuntu1~16.04.5) 5.4.0 20160609
Copyright (C) 2015 Free Software Foundation, Inc.
This is free software; see the source for copying conditions.  There is NO
warranty; not even for MERCHANTABILITY or FITNESS FOR A PARTICULAR PURPOSE.

configure:3133: $? = 0
configure:3122: mpicc -v >&5
mpicc for MPICH version 3.2
Using built-in specs.
COLLECT_GCC=gcc
COLLECT_LTO_WRAPPER=/usr/lib/gcc/x86_64-linux-gnu/5/lto-wrapper
Target: x86_64-linux-gnu
Configured with: ../src/configure -v --with-pkgversion='Ubuntu 5.4.0-6ubuntu1~16.04.5' --with-bugurl=file:///usr/share/doc/gcc-5/README.Bugs --enable-languages=c,ada,c++,java,go,d,fortran,objc,obj-c++ --prefix=/usr --program-suffix=-5 --enable-shared --enable-linker-build-id --libexecdir=/usr/lib --without-included-gettext --enable-threads=posix --libdir=/usr/lib --enable-nls --with-sysroot=/ --enable-clocale=gnu --enable-libstdcxx-debug --enable-libstdcxx-time=yes --with-default-libstdcxx-abi=new --enable-gnu-unique-object --disable-vtable-verify --enable-libmpx --enable-plugin --with-system-zlib --disable-browser-plugin --enable-java-awt=gtk --enable-gtk-cairo --with-java-home=/usr/lib/jvm/java-1.5.0-gcj-5-amd64/jre --enable-java-home --with-jvm-root-dir=/usr/lib/jvm/java-1.5.0-gcj-5-amd64 --with-jvm-jar-dir=/usr/lib/jvm-exports/java-1.5.0-gcj-5-amd64 --with-arch-directory=amd64 --with-ecj-jar=/usr/share/java/eclipse-ecj.jar --enable-objc-gc --enable-multiarch --disable-werror --with-arch-32=i686 --with-abi=m64 --with-multilib-list=m32,m64,mx32 --enable-multilib --with-tune=generic --enable-checking=release --build=x86_64-linux-gnu --host=x86_64-linux-gnu --target=x86_64-linux-gnu
Thread model: posix
gcc version 5.4.0 20160609 (Ubuntu 5.4.0-6ubuntu1~16.04.5) 
configure:3133: $? = 0
configure:3122: mpicc -V >&5
gcc: error: unrecognized command line option '-V'
configure:3133: $? = 1
configure:3122: mpicc -qversion >&5
gcc: error: unrecognized command line option '-qversion'
configure:3133: $? = 1
configure:3153: checking whether the C compiler works
configure:3175: mpicc    conftest.c  >&5
configure:3179: $? = 0
configure:3227: result: yes
configure:3230: checking for C compiler default output file name
configure:3232: result: a.out
configure:3238: checking for suffix of executables
configure:3245: mpicc -o conftest    conftest.c  >&5
configure:3249: $? = 0
configure:3271: result: 
configure:3293: checking whether we are cross compiling
configure:3301: mpicc -o conftest    conftest.c  >&5
configure:3305: $? = 0
configure:3312: ./conftest
configure:3316: $? = 0
configure:3331: result: no
configure:3336: checking for suffix of object files
configure:3358: mpicc -c   conftest.c >&5
configure:3362: $? = 0
configure:3383: result: o
configure:3387: checking whether we are using the GNU C compiler
configure:3406: mpicc -c   conftest.c >&5
configure:3406: $? = 0
configure:3415: result: yes
configure:3424: checking whether mpicc accepts -g
configure:3444: mpicc -c -g  conftest.c >&5
configure:3444: $? = 0
configure:3485: result: yes
configure:3502: checking for mpicc option to accept ISO C89
configure:3565: mpicc  -c -g -O2  conftest.c >&5
configure:3565: $? = 0
configure:3578: result: none needed
configure:3600: checking dependency style of mpicc
configure:3711: result: gcc3
configure:3732: checking how to run the C preprocessor
configure:3763: mpicc -E  conftest.c
configure:3763: $? = 0
configure:3777: mpicc -E  conftest.c
conftest.c:11:28: fatal error: ac_nonexistent.h: No such file or directory
compilation terminated.
configure:3777: $? = 1
configure: failed program was:
| /* confdefs.h */
| #define PACKAGE_NAME "INF8601-LAB3"
| #define PACKAGE_TARNAME "inf8601-lab3"
| #define PACKAGE_VERSION "2.1.2"
| #define PACKAGE_STRING "INF8601-LAB3 2.1.2"
| #define PACKAGE_BUGREPORT ""
| #define PACKAGE_URL ""
| #define PACKAGE "inf8601-lab3"
| #define VERSION "2.1.2"
| /* end confdefs.h.  */
| #include <ac_nonexistent.h>
configure:3802: result: mpicc -E
configure:3822: mpicc -E  conftest.c
configure:3822: $? = 0
configure:3836: mpicc -E  conftest.c
conftest.c:11:28: fatal error: ac_nonexistent.h: No such file or directory
compilation terminated.
configure:3836: $? = 1
configure: failed program was:
| /* confdefs.h */
| #define PACKAGE_NAME "INF8601-LAB3"
| #define PACKAGE_TARNAME "inf8601-lab3"
| #define PACKAGE_VERSION "2.1.2"
| #define PACKAGE_STRING "INF8601-LAB3 2.1.2"
| #define PACKAGE_BUGREPORT ""
| #define PACKAGE_URL ""
| #define PACKAGE "inf8601-lab3"
| #define VERSION "2.1.2"
| /* end confdefs.h.  */
| #include <ac_nonexistent.h>
configure:3865: checking for grep that handles long lines and -e
configure:3923: result: /bin/grep
configure:3928: checking for egrep
configure:3990: result: /bin/grep -E
configure:3995: checking for ANSI C header files
configure:4015: mpicc -c -g -O2  conftest.c >&5
configure:4015: $? = 0
configure:4088: mpicc -o conftest -g -O2   conftest.c  >&5
configure:4088: $? = 0
configure:4088: ./conftest
configure:4088: $? = 0
configure:4099: result: yes
configure:4112: checking for sys/types.h
configure:4112: mpicc -c -g -O2  conftest.c >&5
configure:4112: $? = 0
configure:4112: result: yes
configure:4112: checking for sys/stat.h
configure:4112: mpicc -c -g -O2  conftest.c >&5
configure:4112: $? = 0
configure:4112: result: yes
configure:4112: checking for stdlib.h
configure:4112: mpicc -c -g -O2  conftest.c >&5
configure:4112: $? = 0
configure:4112: result: yes
configure:4112: checking for string.h
configure:4112: mpicc -c -g -O2  conftest.c >&5
configure:4112: $? = 0
configure:4112: result: yes
configure:4112: checking for memory.h
configure:4112: mpicc -c -g -O2  conftest.c >&5
configure:4112: $? = 0
configure:4112: result: yes
configure:4112: checking for strings.h
configure:4112: mpicc -c -g -O2  conftest.c >&5
configure:4112: $? = 0
configure:4112: result: yes
configure:4112: checking for inttypes.h
configure:4112: mpicc -c -g -O2  conftest.c >&5
configure:4112: $? = 0
configure:4112: result: yes
configure:4112: checking for stdint.h
configure:4112: mpicc -c -g -O2  conftest.c >&5
configure:4112: $? = 0
configure:4112: result: yes
configure:4112: checking for unistd.h
configure:4112: mpicc -c -g -O2  conftest.c >&5
configure:4112: $? = 0
configure:4112: result: yes
configure:4125: checking minix/config.h usability
configure:4125: mpicc -c -g -O2  conftest.c >&5
conftest.c:54:26: fatal error: minix/config.h: No such file or directory
compilation terminated.
configure:4125: $? = 1
configure: failed program was:
| /* confdefs.h */
| #define PACKAGE_NAME "INF8601-LAB3"
| #define PACKAGE_TARNAME "inf8601-lab3"
| #define PACKAGE_VERSION "2.1.2"
| #define PACKAGE_STRING "INF8601-LAB3 2.1.2"
| #define PACKAGE_BUGREPORT ""
| #define PACKAGE_URL ""
| #define PACKAGE "inf8601-lab3"
| #define VERSION "2.1.2"
| #define STDC_HEADERS 1
| #define HAVE_SYS_TYPES_H 1
| #define HAVE_SYS_STAT_H 1
| #define HAVE_STDLIB_H 1
| #define HAVE_STRING_H 1
| #define HAVE_MEMORY_H 1
| #define HAVE_STRINGS_H 1
| #define HAVE_INTTYPES_H 1
| #define HAVE_STDINT_H 1
| #define HAVE_UNISTD_H 1
| /* end confdefs.h.  */
| #include <stdio.h>
| #ifdef HAVE_SYS_TYPES_H
| # include <sys/types.h>
| #endif
| #ifdef HAVE_SYS_STAT_H
| # include <sys/stat.h>
| #endif
| #ifdef STDC_HEADERS
| # include <stdlib.h>
| # include <stddef.h>
| #else
| # ifdef HAVE_STDLIB_H
| #  include <stdlib.h>
| # endif
| #endif
| #ifdef HAVE_STRING_H
| # if !defined STDC_HEADERS && defined HAVE_MEMORY_H
| #  include <memory.h>
| # endif
| # include <string.h>
| #endif
| #ifdef HAVE_STRINGS_H
| # include <strings.h>
| #endif
| #ifdef HAVE_INTTYPES_H
| # include <inttypes.h>
| #endif
| #ifdef HAVE_STDINT_H
| # include <stdint.h>
| #endif
| #ifdef HAVE_UNISTD_H
| # include <unistd.h>
| #endif
| #include <minix/config.h>
configure:4125: result: no
configure:4125: checking minix/config.h presence
configure:4125: mpicc -E  conftest.c
conftest.c:21:26: fatal error: minix/config.h: No such file or directory
compilation terminated.
configure:4125: $? = 1
configure: failed program was:
| /* confdefs.h */
| #define PACKAGE_NAME "INF8601-LAB3"
| #define PACKAGE_TARNAME "inf8601-lab3"
| #define PACKAGE_VERSION "2.1.2"
| #define PACKAGE_STRING "INF8601-LAB3 2.1.2"
| #define PACKAGE_BUGREPORT ""
| #define PACKAGE_URL ""
| #define PACKAGE "inf8601-lab3"
| #define VERSION "2.1.2"
| #define STDC_HEADERS 1
| #define HAVE_SYS_TYPES_H 1
| #define HAVE_SYS_STAT_H 1
| #define HAVE_STDLIB_H 1
| #define HAVE_STRING_H 1
| #define HAVE_MEMORY_H 1
| #define HAVE_STRINGS_H 1
| #define HAVE_INTTYPES_H 1
| #define HAVE_STDINT_H 1
| #define HAVE_UNISTD_H 1
| /* end confdefs.h.  */
| #include <minix/config.h>
configure:4125: result: no
configure:4125: checking for minix/config.h
configure:4125: result: no
configure:4146: checking whether it is safe to define __EXTENSIONS__
configure:4164: mpicc -c -g -O2  conftest.c >&5
configure:4164: $? = 0
configure:4171: result: yes
configure:4190: checking build system type
configure:4204: result: x86_64-unknown-linux-gnu
configure:4224: checking host system type
configure:4237: result: x86_64-unknown-linux-gnu
configure:4257: checking for a sed that does not truncate output
configure:4321: result: /bin/sed
configure:4339: checking for fgrep
configure:4401: result: /bin/grep -F
configure:4428: checking how to print strings
configure:4455: result: printf
configure:4488: checking for ld used by mpicc
configure:4555: result: /usr/bin/ld
configure:4562: checking if the linker (/usr/bin/ld) is GNU ld
configure:4577: result: yes
configure:4631: checking for BSD- or MS-compatible name lister (nm)
configure:4680: result: /usr/bin/nm -B
configure:4810: checking the name lister (/usr/bin/nm -B) interface
configure:4817: mpicc -c -g -O2  conftest.c >&5
configure:4820: /usr/bin/nm -B "conftest.o"
configure:4823: output
0000000000000000 B some_variable
configure:4830: result: BSD nm
configure:4833: checking whether ln -s works
configure:4837: result: yes
configure:4845: checking the maximum length of command line arguments
configure:4976: result: 1572864
configure:4993: checking whether the shell understands some XSI constructs
configure:5003: result: yes
configure:5007: checking whether the shell understands "+="
configure:5013: result: yes
configure:5048: checking how to convert x86_64-unknown-linux-gnu file names to x86_64-unknown-linux-gnu format
configure:5088: result: func_convert_file_noop
configure:5095: checking how to convert x86_64-unknown-linux-gnu file names to toolchain format
configure:5115: result: func_convert_file_noop
configure:5122: checking for /usr/bin/ld option to reload object files
configure:5129: result: -r
configure:5203: checking for objdump
configure:5219: found /usr/bin/objdump
configure:5230: result: objdump
configure:5262: checking how to recognize dependent libraries
configure:5460: result: pass_all
configure:5545: checking for dlltool
configure:5575: result: no
configure:5605: checking how to associate runtime and link libraries
configure:5632: result: printf %s\n
configure:5692: checking for ar
configure:5708: found /usr/bin/ar
configure:5719: result: ar
configure:5756: checking for archiver @FILE support
configure:5773: mpicc -c -g -O2  conftest.c >&5
configure:5773: $? = 0
configure:5776: ar cru libconftest.a @conftest.lst >&5
ar: `u' modifier ignored since `D' is the default (see `U')
configure:5779: $? = 0
configure:5784: ar cru libconftest.a @conftest.lst >&5
ar: `u' modifier ignored since `D' is the default (see `U')
ar: conftest.o: No such file or directory
configure:5787: $? = 1
configure:5799: result: @
configure:5857: checking for strip
configure:5873: found /usr/bin/strip
configure:5884: result: strip
configure:5956: checking for ranlib
configure:5972: found /usr/bin/ranlib
configure:5983: result: ranlib
configure:6085: checking command to parse /usr/bin/nm -B output from mpicc object
configure:6205: mpicc -c -g -O2  conftest.c >&5
configure:6208: $? = 0
configure:6212: /usr/bin/nm -B conftest.o \| sed -n -e 's/^.*[ ]\([ABCDGIRSTW][ABCDGIRSTW]*\)[ ][ ]*\([_A-Za-z][_A-Za-z0-9]*\)$/\1 \2 \2/p' | sed '/ __gnu_lto/d' \> conftest.nm
configure:6215: $? = 0
configure:6281: mpicc -o conftest -g -O2   conftest.c conftstm.o >&5
configure:6284: $? = 0
configure:6322: result: ok
configure:6359: checking for sysroot
configure:6389: result: no
configure:6466: mpicc -c -g -O2  conftest.c >&5
configure:6469: $? = 0
configure:6652: checking for mt
configure:6668: found /bin/mt
configure:6679: result: mt
configure:6702: checking if mt is a manifest tool
configure:6708: mt '-?'
configure:6716: result: no
configure:7355: checking for dlfcn.h
configure:7355: mpicc -c -g -O2  conftest.c >&5
configure:7355: $? = 0
configure:7355: result: yes
configure:7561: checking for objdir
configure:7576: result: .libs
configure:7847: checking if mpicc supports -fno-rtti -fno-exceptions
configure:7865: mpicc -c -g -O2  -fno-rtti -fno-exceptions conftest.c >&5
cc1: warning: command line option '-fno-rtti' is valid for C++/ObjC++ but not for C
configure:7869: $? = 0
configure:7882: result: no
configure:8209: checking for mpicc option to produce PIC
configure:8216: result: -fPIC -DPIC
configure:8224: checking if mpicc PIC flag -fPIC -DPIC works
configure:8242: mpicc -c -g -O2  -fPIC -DPIC -DPIC conftest.c >&5
configure:8246: $? = 0
configure:8259: result: yes
configure:8288: checking if mpicc static flag -static works
configure:8316: result: no
configure:8331: checking if mpicc supports -c -o file.o
configure:8352: mpicc -c -g -O2  -o out/conftest2.o conftest.c >&5
configure:8356: $? = 0
configure:8378: result: yes
configure:8386: checking if mpicc supports -c -o file.o
configure:8433: result: yes
configure:8466: checking whether the mpicc linker (/usr/bin/ld -m elf_x86_64) supports shared libraries
configure:9623: result: yes
configure:9660: checking whether -lc should be explicitly linked in
configure:9668: mpicc -c -g -O2  conftest.c >&5
configure:9671: $? = 0
configure:9686: mpicc -shared  -fPIC -DPIC conftest.o  -v -Wl,-soname -Wl,conftest -o conftest 2\>\&1 \| /bin/grep  -lc  \>/dev/null 2\>\&1
configure:9689: $? = 0
configure:9703: result: no
configure:9863: checking dynamic linker characteristics
configure:10363: mpicc -o conftest -g -O2   -Wl,-rpath -Wl,/foo conftest.c  >&5
configure:10363: $? = 0
configure:10597: result: GNU/Linux ld.so
configure:10704: checking how to hardcode library paths into programs
configure:10729: result: immediate
configure:11269: checking whether stripping libraries is possible
configure:11274: result: yes
configure:11309: checking if libtool supports shared libraries
configure:11311: result: yes
configure:11314: checking whether to build shared libraries
configure:11335: result: yes
configure:11338: checking whether to build static libraries
configure:11342: result: yes
configure:11383: checking for sys/types.h
configure:11383: result: yes
configure:11383: checking for unistd.h
configure:11383: result: yes
configure:11383: checking fcntl.h usability
configure:11383: mpicc -c -g -O2  conftest.c >&5
configure:11383: $? = 0
configure:11383: result: yes
configure:11383: checking fcntl.h presence
configure:11383: mpicc -E  conftest.c
configure:11383: $? = 0
configure:11383: result: yes
configure:11383: checking for fcntl.h
configure:11383: result: yes
configure:11383: checking for strings.h
configure:11383: result: yes
configure:11383: checking pthread.h usability
configure:11383: mpicc -c -g -O2  conftest.c >&5
configure:11383: $? = 0
configure:11383: result: yes
configure:11383: checking pthread.h presence
configure:11383: mpicc -E  conftest.c
configure:11383: $? = 0
configure:11383: result: yes
configure:11383: checking for pthread.h
configure:11383: result: yes
configure:11383: checking time.h usability
configure:11383: mpicc -c -g -O2  conftest.c >&5
configure:11383: $? = 0
configure:11383: result: yes
configure:11383: checking time.h presence
configure:11383: mpicc -E  conftest.c
configure:11383: $? = 0
configure:11383: result: yes
configure:11383: checking for time.h
configure:11383: result: yes
configure:11383: checking errno.h usability
configure:11383: mpicc -c -g -O2  conftest.c >&5
configure:11383: $? = 0
configure:11383: result: yes
configure:11383: checking errno.h presence
configure:11383: mpicc -E  conftest.c
configure:11383: $? = 0
configure:11383: result: yes
configure:11383: checking for errno.h
configure:11383: result: yes
configure:11383: checking stdarg.h usability
configure:11383: mpicc -c -g -O2  conftest.c >&5
configure:11383: $? = 0
configure:11383: result: yes
configure:11383: checking stdarg.h presence
configure:11383: mpicc -E  conftest.c
configure:11383: $? = 0
configure:11383: result: yes
configure:11383: checking for stdarg.h
configure:11383: result: yes
configure:11383: checking limits.h usability
configure:11383: mpicc -c -g -O2  conftest.c >&5
configure:11383: $? = 0
configure:11383: result: yes
configure:11383: checking limits.h presence
configure:11383: mpicc -E  conftest.c
configure:11383: $? = 0
configure:11383: result: yes
configure:11383: checking for limits.h
configure:11383: result: yes
configure:11383: checking signal.h usability
configure:11383: mpicc -c -g -O2  conftest.c >&5
configure:11383: $? = 0
configure:11383: result: yes
configure:11383: checking signal.h presence
configure:11383: mpicc -E  conftest.c
configure:11383: $? = 0
configure:11383: result: yes
configure:11383: checking for signal.h
configure:11383: result: yes
configure:11383: checking for stdlib.h
configure:11383: result: yes
configure:11396: checking for inttypes.h
configure:11396: result: yes
configure:11396: checking math.h usability
configure:11396: mpicc -c -g -O2  conftest.c >&5
configure:11396: $? = 0
configure:11396: result: yes
configure:11396: checking math.h presence
configure:11396: mpicc -E  conftest.c
configure:11396: $? = 0
configure:11396: result: yes
configure:11396: checking for math.h
configure:11396: result: yes
configure:11406: checking for pow in -lm
configure:11431: mpicc -o conftest -g -O2   conftest.c -lm   >&5
conftest.c:48:6: warning: conflicting types for built-in function 'pow'
 char pow ();
      ^
configure:11431: $? = 0
configure:11440: result: yes
configure:11506: checking for pkg-config
configure:11524: found /usr/bin/pkg-config
configure:11536: result: /usr/bin/pkg-config
configure:11561: checking pkg-config is at least version 0.9.0
configure:11564: result: yes
configure:11574: checking for PNG
configure:11581: $PKG_CONFIG --exists --print-errors "libpng"
Package libpng was not found in the pkg-config search path.
Perhaps you should add the directory containing `libpng.pc'
to the PKG_CONFIG_PATH environment variable
No package 'libpng' found
configure:11584: $? = 1
configure:11598: $PKG_CONFIG --exists --print-errors "libpng"
Package libpng was not found in the pkg-config search path.
Perhaps you should add the directory containing `libpng.pc'
to the PKG_CONFIG_PATH environment variable
No package 'libpng' found
configure:11601: $? = 1
configure:11615: result: no
No package 'libpng' found
configure:11631: error:  *** Checks for PNG library failed.

## ---------------- ##
## Cache variables. ##
## ---------------- ##

ac_cv_build=x86_64-unknown-linux-gnu
ac_cv_c_compiler_gnu=yes
ac_cv_env_CC_set=set
ac_cv_env_CC_value=mpicc
ac_cv_env_CFLAGS_set=
ac_cv_env_CFLAGS_value=
ac_cv_env_CPPFLAGS_set=
ac_cv_env_CPPFLAGS_value=
ac_cv_env_CPP_set=
ac_cv_env_CPP_value=
ac_cv_env_LDFLAGS_set=
ac_cv_env_LDFLAGS_value=
ac_cv_env_LIBS_set=
ac_cv_env_LIBS_value=
ac_cv_env_PKG_CONFIG_LIBDIR_set=
ac_cv_env_PKG_CONFIG_LIBDIR_value=
ac_cv_env_PKG_CONFIG_PATH_set=
ac_cv_env_PKG_CONFIG_PATH_value=
ac_cv_env_PKG_CONFIG_set=
ac_cv_env_PKG_CONFIG_value=
ac_cv_env_PNG_CFLAGS_set=
ac_cv_env_PNG_CFLAGS_value=
ac_cv_env_PNG_LIBS_set=
ac_cv_env_PNG_LIBS_value=
ac_cv_env_build_alias_set=
ac_cv_env_build_alias_value=
ac_cv_env_host_alias_set=
ac_cv_env_host_alias_value=
ac_cv_env_target_alias_set=
ac_cv_env_target_alias_value=
ac_cv_header_dlfcn_h=yes
ac_cv_header_errno_h=yes
ac_cv_header_fcntl_h=yes
ac_cv_header_inttypes_h=yes
ac_cv_header_limits_h=yes
ac_cv_header_math_h=yes
ac_cv_header_memory_h=yes
ac_cv_header_minix_config_h=no
ac_cv_header_pthread_h=yes
ac_cv_header_signal_h=yes
ac_cv_header_stdarg_h=yes
ac_cv_header_stdc=yes
ac_cv_header_stdint_h=yes
ac_cv_header_stdlib_h=yes
ac_cv_header_string_h=yes
ac_cv_header_strings_h=yes
ac_cv_header_sys_stat_h=yes
ac_cv_header_sys_types_h=yes
ac_cv_header_time_h=yes
ac_cv_header_unistd_h=yes
ac_cv_host=x86_64-unknown-linux-gnu
ac_cv_lib_m_pow=yes
ac_cv_objext=o
ac_cv_path_EGREP='/bin/grep -E'
ac_cv_path_FGREP='/bin/grep -F'
ac_cv_path_GREP=/bin/grep
ac_cv_path_SED=/bin/sed
ac_cv_path_ac_pt_PKG_CONFIG=/usr/bin/pkg-config
ac_cv_path_install='/usr/bin/install -c'
ac_cv_path_mkdir=/bin/mkdir
ac_cv_prog_AWK=mawk
ac_cv_prog_CPP='mpicc -E'
ac_cv_prog_ac_ct_AR=ar
ac_cv_prog_ac_ct_CC=mpicc
ac_cv_prog_ac_ct_MANIFEST_TOOL=mt
ac_cv_prog_ac_ct_OBJDUMP=objdump
ac_cv_prog_ac_ct_RANLIB=ranlib
ac_cv_prog_ac_ct_STRIP=strip
ac_cv_prog_cc_c89=
ac_cv_prog_cc_g=yes
ac_cv_prog_make_make_set=yes
ac_cv_safe_to_define___extensions__=yes
am_cv_CC_dependencies_compiler_type=gcc3
lt_cv_ar_at_file=@
lt_cv_archive_cmds_need_lc=no
lt_cv_deplibs_check_method=pass_all
lt_cv_file_magic_cmd='$MAGIC_CMD'
lt_cv_file_magic_test_file=
lt_cv_ld_reload_flag=-r
lt_cv_nm_interface='BSD nm'
lt_cv_objdir=.libs
lt_cv_path_LD=/usr/bin/ld
lt_cv_path_NM='/usr/bin/nm -B'
lt_cv_path_mainfest_tool=no
lt_cv_prog_compiler_c_o=yes
lt_cv_prog_compiler_pic='-fPIC -DPIC'
lt_cv_prog_compiler_pic_works=yes
lt_cv_prog_compiler_rtti_exceptions=no
lt_cv_prog_compiler_static_works=no
lt_cv_prog_gnu_ld=yes
lt_cv_sharedlib_from_linklib_cmd='printf %s\n'
lt_cv_shlibpath_overrides_runpath=no
lt_cv_sys_global_symbol_pipe='sed -n -e '\''s/^.*[	 ]\([ABCDGIRSTW][ABCDGIRSTW]*\)[	 ][	 ]*\([_A-Za-z][_A-Za-z0-9]*\)$/\1 \2 \2/p'\'' | sed '\''/ __gnu_lto/d'\'''
lt_cv_sys_global_symbol_to_c_name_address='sed -n -e '\''s/^: \([^ ]*\)[ ]*$/  {\"\1\", (void *) 0},/p'\'' -e '\''s/^[ABCDGIRSTW]* \([^ ]*\) \([^ ]*\)$/  {"\2", (void *) \&\2},/p'\'''
lt_cv_sys_global_symbol_to_c_name_address_lib_prefix='sed -n -e '\''s/^: \([^ ]*\)[ ]*$/  {\"\1\", (void *) 0},/p'\'' -e '\''s/^[ABCDGIRSTW]* \([^ ]*\) \(lib[^ ]*\)$/  {"\2", (void *) \&\2},/p'\'' -e '\''s/^[ABCDGIRSTW]* \([^ ]*\) \([^ ]*\)$/  {"lib\2", (void *) \&\2},/p'\'''
lt_cv_sys_global_symbol_to_cdecl='sed -n -e '\''s/^T .* \(.*\)$/extern int \1();/p'\'' -e '\''s/^[ABCDGIRSTW]* .* \(.*\)$/extern char \1;/p'\'''
lt_cv_sys_max_cmd_len=1572864
lt_cv_to_host_file_cmd=func_convert_file_noop
lt_cv_to_tool_file_cmd=func_convert_file_noop

## ----------------- ##
## Output variables. ##
## ----------------- ##

ACLOCAL='${SHELL} /home/vincent/Documents/INF8601/TP3/inf8601-lab3-2.1.4/missing --run aclocal-1.11'
AMDEPBACKSLASH='\'
AMDEP_FALSE='#'
AMDEP_TRUE=''
AMTAR='$${TAR-tar}'
AM_BACKSLASH=''
AM_DEFAULT_V=''
AM_DEFAULT_VERBOSITY=''
AM_V=''
AR='ar'
AUTOCONF='${SHELL} /home/vincent/Documents/INF8601/TP3/inf8601-lab3-2.1.4/missing --run autoconf'
AUTOHEADER='${SHELL} /home/vincent/Documents/INF8601/TP3/inf8601-lab3-2.1.4/missing --run autoheader'
AUTOMAKE='${SHELL} /home/vincent/Documents/INF8601/TP3/inf8601-lab3-2.1.4/missing --run automake-1.11'
AWK='mawk'
CC='mpicc'
CCDEPMODE='depmode=gcc3'
CFLAGS='-g -O2'
CPP='mpicc -E'
CPPFLAGS=''
CYGPATH_W='echo'
DEFS=''
DEPDIR='.deps'
DLLTOOL='false'
DSYMUTIL=''
DUMPBIN=''
ECHO_C=''
ECHO_N='-n'
ECHO_T=''
EGREP='/bin/grep -E'
EXEEXT=''
FGREP='/bin/grep -F'
GREP='/bin/grep'
HAVE_MPI_FALSE=''
HAVE_MPI_TRUE=''
INSTALL_DATA='${INSTALL} -m 644'
INSTALL_PROGRAM='${INSTALL}'
INSTALL_SCRIPT='${INSTALL}'
INSTALL_STRIP_PROGRAM='$(install_sh) -c -s'
LD='/usr/bin/ld -m elf_x86_64'
LDFLAGS=''
LIBOBJS=''
LIBS='-lm '
LIBTOOL='$(SHELL) $(top_builddir)/libtool'
LIPO=''
LN_S='ln -s'
LTLIBOBJS=''
MAKEINFO='${SHELL} /home/vincent/Documents/INF8601/TP3/inf8601-lab3-2.1.4/missing --run makeinfo'
MANIFEST_TOOL=':'
MKDIR_P='/bin/mkdir -p'
MPI_CPPFLAGS=''
MPI_LDFLAGS=''
MPI_LIBS=''
NM='/usr/bin/nm -B'
NMEDIT=''
OBJDUMP='objdump'
OBJEXT='o'
OPENMP_CFLAGS=''
OTOOL64=''
OTOOL=''
PACKAGE='inf8601-lab3'
PACKAGE_BUGREPORT=''
PACKAGE_NAME='INF8601-LAB3'
PACKAGE_STRING='INF8601-LAB3 2.1.2'
PACKAGE_TARNAME='inf8601-lab3'
PACKAGE_URL=''
PACKAGE_VERSION='2.1.2'
PATH_SEPARATOR=':'
PKG_CONFIG='/usr/bin/pkg-config'
PKG_CONFIG_LIBDIR=''
PKG_CONFIG_PATH=''
PNG_CFLAGS=''
PNG_LIBS=''
RANLIB='ranlib'
SED='/bin/sed'
SET_MAKE=''
SHELL='/bin/bash'
STRIP='strip'
VERSION='2.1.2'
ac_ct_AR='ar'
ac_ct_CC='mpicc'
ac_ct_DUMPBIN=''
am__EXEEXT_FALSE=''
am__EXEEXT_TRUE=''
am__fastdepCC_FALSE='#'
am__fastdepCC_TRUE=''
am__include='include'
am__isrc=''
am__leading_dot='.'
am__nodep='_no'
am__quote=''
am__tar='$${TAR-tar} chof - "$$tardir"'
am__untar='$${TAR-tar} xf -'
bindir='${exec_prefix}/bin'
build='x86_64-unknown-linux-gnu'
build_alias=''
build_cpu='x86_64'
build_os='linux-gnu'
build_vendor='unknown'
datadir='${datarootdir}'
datarootdir='${prefix}/share'
docdir='${datarootdir}/doc/${PACKAGE_TARNAME}'
dvidir='${docdir}'
exec_prefix='NONE'
host='x86_64-unknown-linux-gnu'
host_alias=''
host_cpu='x86_64'
host_os='linux-gnu'
host_vendor='unknown'
htmldir='${docdir}'
includedir='${prefix}/include'
infodir='${datarootdir}/info'
install_sh='${SHELL} /home/vincent/Documents/INF8601/TP3/inf8601-lab3-2.1.4/install-sh'
libdir='${exec_prefix}/lib'
libexecdir='${exec_prefix}/libexec'
localedir='${datarootdir}/locale'
localstatedir='${prefix}/var'
mandir='${datarootdir}/man'
mkdir_p='/bin/mkdir -p'
mpi_bindir=''
mpi_libdir=''
mpi_type=''
oldincludedir='/usr/include'
pdfdir='${docdir}'
prefix='NONE'
program_transform_name='s,x,x,'
psdir='${docdir}'
sbindir='${exec_prefix}/sbin'
sharedstatedir='${prefix}/com'
sysconfdir='${prefix}/etc'
target_alias=''

## ----------- ##
## confdefs.h. ##
## ----------- ##

/* confdefs.h */
#define PACKAGE_NAME "INF8601-LAB3"
#define PACKAGE_TARNAME "inf8601-lab3"
#define PACKAGE_VERSION "2.1.2"
#define PACKAGE_STRING "INF8601-LAB3 2.1.2"
#define PACKAGE_BUGREPORT ""
#define PACKAGE_URL ""
#define PACKAGE "inf8601-lab3"
#define VERSION "2.1.2"
#define STDC_HEADERS 1
#define HAVE_SYS_TYPES_H 1
#define HAVE_SYS_STAT_H 1
#define HAVE_STDLIB_H 1
#define HAVE_STRING_H 1
#define HAVE_MEMORY_H 1
#define HAVE_STRINGS_H 1
#define HAVE_INTTYPES_H 1
#define HAVE_STDINT_H 1
#define HAVE_UNISTD_H 1
#define __EXTENSIONS__ 1
#define _ALL_SOURCE 1
#define _GNU_SOURCE 1
#define _POSIX_PTHREAD_SEMANTICS 1
#define _TANDEM_SOURCE 1
#define HAVE_DLFCN_H 1
#define LT_OBJDIR ".libs/"
#define HAVE_SYS_TYPES_H 1
#define HAVE_UNISTD_H 1
#define HAVE_FCNTL_H 1
#define HAVE_STRINGS_H 1
#define HAVE_PTHREAD_H 1
#define HAVE_TIME_H 1
#define HAVE_ERRNO_H 1
#define HAVE_STDARG_H 1
#define HAVE_LIMITS_H 1
#define HAVE_SIGNAL_H 1
#define HAVE_STDLIB_H 1
#define HAVE_INTTYPES_H 1
#define HAVE_MATH_H 1
#define HAVE_LIBM 1

configure: exit 1
